-------------------------------------------------------------------------------
Test set: TesteUsuario.TesteUsuarioAlterar
-------------------------------------------------------------------------------
<<<<<<< HEAD
Tests run: 1, Failures: 0, Errors: 0, Skipped: 0, Time elapsed: 6.428 sec
=======
<<<<<<< HEAD
Tests run: 1, Failures: 0, Errors: 0, Skipped: 0, Time elapsed: 3.653 sec
=======
Tests run: 1, Failures: 0, Errors: 0, Skipped: 0, Time elapsed: 3.606 sec
>>>>>>> mavenWeb
>>>>>>> cf82cc93b2aba3aeeac47572a0553f4546943f5b
