-------------------------------------------------------------------------------
Test set: TesteUsuario.TesteUsuarioRecuperarPorNomeFicticio
-------------------------------------------------------------------------------
<<<<<<< HEAD
Tests run: 1, Failures: 0, Errors: 0, Skipped: 0, Time elapsed: 0.158 sec
=======
<<<<<<< HEAD
Tests run: 1, Failures: 0, Errors: 0, Skipped: 0, Time elapsed: 0.065 sec
=======
Tests run: 1, Failures: 0, Errors: 0, Skipped: 0, Time elapsed: 0.05 sec
>>>>>>> mavenWeb
>>>>>>> cf82cc93b2aba3aeeac47572a0553f4546943f5b
